[2025-06-02 22:43:22] Iniciando verificação automática
[2025-06-02 22:43:22] Verificados 0 depósitos
[2025-06-02 22:43:23] Cotações atualizadas
[2025-06-02 22:43:23] 0 transações antigas limpas
[2025-06-02 22:43:23] 0 atividades suspeitas detectadas
[2025-06-02 22:43:23] Verificação concluída em 1260.8ms
[2025-06-02 22:46:02] Iniciando verificação automática
[2025-06-02 22:46:02] Verificados 0 depósitos
[2025-06-02 22:46:03] Cotações atualizadas
[2025-06-02 22:46:03] 0 transações antigas limpas
[2025-06-02 22:46:03] 0 atividades suspeitas detectadas
[2025-06-02 22:46:03] Verificação concluída em 1239.14ms
[2025-06-02 22:47:05] Iniciando verificação automática
[2025-06-02 22:47:05] Verificados 0 depósitos
[2025-06-02 22:47:06] Cotações atualizadas
[2025-06-02 22:47:06] 0 transações antigas limpas
[2025-06-02 22:47:06] 0 atividades suspeitas detectadas
[2025-06-02 22:47:06] Verificação concluída em 1274.72ms
[2025-06-02 22:51:52] Iniciando verificação automática
[2025-06-02 22:51:52] Verificados 0 depósitos
[2025-06-02 22:51:53] Cotações atualizadas
[2025-06-02 22:51:53] 0 transações antigas limpas
[2025-06-02 22:51:53] 0 atividades suspeitas detectadas
[2025-06-02 22:51:53] Verificação concluída em 1308.23ms
[2025-06-02 22:53:11] Iniciando verificação automática
[2025-06-02 22:53:11] Verificados 0 depósitos
[2025-06-02 22:53:12] Cotações atualizadas
[2025-06-02 22:53:12] 0 transações antigas limpas
[2025-06-02 22:53:12] 0 atividades suspeitas detectadas
[2025-06-02 22:53:12] Verificação concluída em 1246.81ms
